Usage: combine datacard [options]
Main options:
  -d [ --datacard ] arg                 Datacard file (can also be specified 
                                        directly without the -d or --datacard)
  -M [ --method ] arg (=AsymptoticLimits)
                                        Method to extract upper limit. 
                                        Supported methods are: 
                                        AsymptoticLimits, BayesianSimple, 
                                        BayesianToyMC, ChannelCompatibilityChec
                                        k, FeldmanCousins, FitDiagnostics, 
                                        GenerateOnly, GoodnessOfFit, HybridNew,
                                        MarkovChainMC, MultiDimFit, 
                                        Significance
  -v [ --verbose ] arg (=0)             Verbosity level (-1 = very quiet; 0 = 
                                        quiet, 1 = verbose, 2+ = debug)
  -h [ --help ]                         Produce help message

Common statistics options:
  -C [ --cl ] arg (=0.949999988)        Confidence Level
  --rMin arg                            Override minimum value for signal 
                                        strength (default is 0)
  --rMax arg                            Override maximum value for signal 
                                        strength (default is 20)
  --prior arg (=flat)                   Prior to use, for methods that require 
                                        it and if it's not already in the input
                                        file: 'flat' (default), '1/sqrt(r)', or
                                        a custom expression that uses @0 as the
                                        parameter of interest
  --significance                        Compute significance instead of upper 
                                        limit (works only for some methods)
  --lowerLimit                          Compute the lower limit instead of the 
                                        upper limit (works only for some 
                                        methods)
  --hintStatOnly                        Ignore systematics when computing the 
                                        hint
  --toysNoSystematics                   Generate all toys with the central 
                                        value of the nuisance parameters, 
                                        without fluctuating them
  --toysFrequentist                     Generate all toys in the frequentist 
                                        way. Note that this affects the toys 
                                        generated by option '-t' that happen in
                                        the main loop, not the ones within the 
                                        Hybrid(New) algorithm.
  --expectSignal arg (=0)               If set to non-zero, generate *signal* 
                                        toys instead of background ones, with 
                                        the specified signal strength.
  --expectSignalMass arg (=-99)         If set to non-zero, generate *signal* 
                                        toys instead of background ones, with 
                                        the specified mass.
  -U [ --unbinned ]                     Generate unbinned datasets instead of 
                                        binned ones (works only for extended 
                                        pdfs)
  --generateBinnedWorkaround            Make binned datasets generating 
                                        unbinned ones and then binnning them. 
                                        Workaround for a bug in RooFit.
  --setParameters arg                   Set the values of relevant physics 
                                        model parameters. Give a 
                                        comma-separated list of parameter value
                                        assignments. Example: CV=1.0,CF=1.0
  --setParameterRanges arg              Set the range of relevant physics model
                                        parameters. Give a colon-separated list
                                        of parameter ranges. Example: 
                                        CV=0.0,2.0:CF=0.0,5.0
  --defineBackgroundOnlyModelParameters arg
                                        If no background only (null) model is 
                                        explicitly provided in physics model, 
                                        one will be defined using these values 
                                        of the POIs (default is r=0)
  --redefineSignalPOIs arg              Redefines the POIs to be this 
                                        comma-separated list of variables from 
                                        the workspace.
  --freezeParameters arg                Set these parameters as constant. Use 
                                        --freezeParameters allConstrainedNuisan
                                        ces to freeze all constrained nuisance 
                                        parameters (i.e doesn't include 
                                        rateParams etc)
  --freezeNuisanceGroups arg            Set as constant all these groups of 
                                        nuisance parameters.
  --freezeWithAttributes arg            Set as constant all variables carrying 
                                        one of these attribute strings.
  -t [ --toys ] arg (=0)                Number of Toy MC extractions
  -s [ --seed ] arg (=123456)           Toy MC random seed
  -H [ --hintMethod ] arg               First run this method to provide a hint
                                        on the result

Common input-output options:
  --saveWorkspace                       Save workspace to output root file
  -w [ --workspaceName ] arg (=w)       Workspace name, when reading it from or
                                        writing it to a ROOT file.
  --snapshotName arg                    Default snapshot name for pre-fit 
                                        snapshot for reading or writing to 
                                        workspace
  --modelConfigName arg (=ModelConfig)  ModelConfig name, when reading it from 
                                        or writing it to a ROOT file.
  --modelConfigNameB arg (=%s_bonly)    Name of the ModelConfig for b-only 
                                        hypothesis.
                                        If not present, it will be made from 
                                        the singal model taking zero signal 
                                        strength.
                                        A '%s' in the name will be replaced 
                                        with the modelConfigName.
  --bypassFrequentistFit                Skip actual minimization for 
                                        constructing frequentist toys (eg 
                                        because loaded snapshot already 
                                        corresponds to desired postfit)
  --overrideSnapshotMass                Override MH loaded from a snapshot with
                                        the one passed on the command line
  -V [ --validateModel ]                Perform some sanity checks on the model
                                        and abort if they fail.
  --saveToys                            Save results of toy MC in output file
  --floatAllNuisances arg (=0)          Make all nuisance parameters floating
  --floatParameters arg                 Set these parameters floating(note 
                                        freeze will take priority over float), 
                                        also accepts regexp with syntax 
                                        'rgx{<my regexp>}' or 'var{<my 
                                        regexp>}'
  --freezeAllGlobalObs arg (=1)         Make all global observables constant
  -n [ --name ] arg (=Test)             Name of the job, affects the name of 
                                        the output tree
  -m [ --mass ] arg (=120)              Mass to store in the output tree
  -D [ --dataset ] arg (=data_obs)      Name of the dataset for observed limit 
                                        - use this to replace dataset in 
                                        workspace for example with a toy 
                                        dataset. Format as file:workspace:objec
                                        t or file:object
  --dataMapName arg (=data_obs)         Name of the dataset for observed limit 
                                        pattern in the datacard
  --toysFile arg                        Read toy mc or other intermediate 
                                        results from this file

Cascade Minimizer options:
  --cminPoiOnlyFit                      First do a fit floating only the 
                                        parameter of interest
  --cminPreScan                         Do a scan before first minimization
  --cminPreFit arg (=0)                 if set to a value N > 0, a pre-fit with
                                        strategy (N-1) will be performed with 
                                        the constrained nuisance parameters 
                                        frozen.
  --cminApproxPreFitTolerance arg (=0)  If nonzero, first do a pre-fit with 
                                        this tolerance (or 10 times the final 
                                        tolerance, whichever is largest)
  --cminApproxPreFitStrategy arg (=0)   Strategy to use in the pre-fit
  --cminSingleNuisFit                   First perform a minimization of each 
                                        nuisance parameter individually
  --cminFallbackAlgo arg                Fallback algorithms if the default 
                                        minimizer fails (can use multiple 
                                        ones). Syntax is algo[,subalgo][,strate
                                        gy][:tolerance]
  --cminSetZeroPoint arg (=1)           Change the reference point of the NLL 
                                        to be zero during minimization
  --cminOldRobustMinimize arg (=0)      Use the old 'robustMinimize' logic in 
                                        addition to the cascade (for debug 
                                        only)
  --cminInitialHesse arg (=0)           Call Hesse before the minimization
  --cminFinalHesse arg (=0)             Call Hesse after the minimization
  --cminDefaultMinimizerType arg (=Minuit2)
                                        Set the default minimizer Type
  --cminDefaultMinimizerAlgo arg (=Migrad)
                                        Set the default minimizer Algo
  --cminDefaultMinimizerTolerance arg (=0.10000000000000001)
                                        Set the default minimizer Tolerance
  --cminDefaultMinimizerPrecision arg (=-1)
                                        Set the default minimizer precision
  --cminDefaultMinimizerStrategy arg (=1)
                                        Set the default minimizer (initial) 
                                        strategy
  --cminRunAllDiscreteCombinations      Run all combinations for discrete 
                                        nuisances
  --cminDiscreteMinTol arg (=0.001)     Tolerance on min NLL for discrete 
                                        combination iterations
  --cminM2StorageLevel arg (=0)         Storage level for minuit2 (0 = don't 
                                        store intermediate covariances, 1 = 
                                        store them)

Common miscellaneous options:
  --optimizeSimPdf arg (=1)             Turn on special optimizations of 
                                        RooSimultaneous. On by default, you can
                                        turn it off if it doesn't work for your
                                        workspace.
  --noMCbonly arg (=0)                  Don't create a background-only 
                                        modelConfig
  --noDefaultPrior arg (=0)             Don't create a default uniform prior
  --rebuildSimPdf arg (=0)              Rebuild simultaneous pdf from scratch 
                                        to make sure constraints are correct 
                                        (not needed in CMS workspaces)
  --compile                             Compile expressions instead of 
                                        interpreting them
  --tempDir arg (=0)                    Run the program from a temporary 
                                        directory (automatically on for text 
                                        datacards or if 'compile' is activated)
  --guessGenMode                        Guess whether to generate binned or 
                                        unbinned based on dataset
  --genBinnedChannels arg               Flag the given channels to be generated
                                        binned (irrespectively of how they were
                                        flagged at workspace creation)
  --genUnbinnedChannels arg             Flag the given channels to be generated
                                        unbinned (irrespectively of how they 
                                        were flagged at workspace creation)
  --text2workspace arg                  Pass along options to text2workspace 
                                        (default = none)
  --trackParameters arg                 Keep track of parameters in workspace, 
                                        also accepts regexp with syntax 
                                        'rgx{<my regexp>}' (default = none)
  --trackErrors arg                     Keep track of errors on parameters in 
                                        workspace, also accepts regexp with 
                                        syntax 'rgx{<my regexp>}' (default = 
                                        none)
  --igpMem                              Setup support for memory profiling 
                                        using IgProf
  --perfCounters                        Dump performance counters at end of job
  -L [ --LoadLibrary ] arg              Load library through 
                                        gSystem->Load(...). Can specify 
                                        multiple libraries using this option 
                                        multiple times
  --keyword-value arg                   Set keyword values with 'WORD=VALUE', 
                                        will replace $WORD with VALUE in 
                                        datacards. Filename will also be 
                                        extended with 'WORDVALUE'. Can specify 
                                        multiple times
  --X-rtd arg                           Define some constants to be used at 
                                        runtime (for debugging purposes). The 
                                        syntax is --X-rtd identifier[=value], 
                                        where value is an integer and defaults 
                                        to 1. Can specify multiple times
  --X-fpeMask arg                       Set FPE mask: 1=NaN, 2=Div0, 4=Overfl, 
                                        8=Underf, 16=Inexact; 7=default
FitDiagnostics specific options:
  --preFitValue arg (=1)                Value of signal strength pre-fit, also 
                                        used for pre-fit plots, normalizations 
                                        and uncertainty calculations (note this
                                        overrides --expectSignal for these 
                                        features)
  --do95 arg (=0)                       Also compute 2-sigma interval from 
                                        delta(nll) = 1.92 instead of 0.5
  --robustFit arg (=0)                  Search manually for 1 and 2 sigma bands
                                        instead of using Minos
  --maxFailedSteps arg (=5)             How many failed steps to retry before 
                                        giving up
  --stepSize arg (=0.100000001)         Step size for robust fits (multiplier 
                                        of the range)
  --setRobustFitAlgo arg                Choice of minimizer (Minuit vs Minuit2)
                                        for profiling in robust fits
  --setRobustFitStrategy arg (=0)       Stragegy for minimizer for profiling in
                                        robust fits
  --setRobustFitTolerance arg (=0.100000001)
                                        Tolerance for minimizer for profiling 
                                        in robust fits
  --setCrossingTolerance arg (=9.99999975e-05)
                                        Tolerance for finding the NLL crossing 
                                        in robust fits
  --profilingMode arg (=all)            What to profile when computing 
                                        uncertainties: all, none (at least for 
                                        now).
  --saveNLL                             Save the negative log-likelihood at the
                                        minimum in the output tree (note: value
                                        is relative to the pre-fit state)
  --keepFailures                        Save the results even if the fit is 
                                        declared as failed (for NLL studies)
  --protectUnbinnedChannels             Protect PDF from going negative in 
                                        unbinned channels
  --autoBoundsPOIs arg                  Adjust bounds for these POIs if they 
                                        end up close to the boundary. Can be a 
                                        list of POIs, or "*" to get all
  --autoMaxPOIs arg                     Adjust maxima for these POIs if they 
                                        end up close to the boundary. Can be a 
                                        list of POIs, or "*" to get all
  --forceRecreateNLL                    Always recreate NLL when running on 
                                        multiple toys rather than re-using nll 
                                        with new dataset
  --nllbackend arg (=combine)           DEBUG OPTION, DO NOT USE! Set backend 
                                        to create NLL. Choices: combine 
                                        (default behavior), cpu, legacy, 
                                        codegen
  --minos arg (=poi)                    Compute MINOS errors for: 'none', 
                                        'poi', 'all'
  --noErrors                            Don't compute uncertainties on the best
                                        fit value. Best if using toys (-t N) to
                                        evaluate distributions of results
  --out arg (=.)                        Directory to put the diagnostics output
                                        file in
  --plots                               Make pre/post-fit RooPlots of 1D 
                                        distributions of observables and fitted
                                        models
  --rebinFactor arg (=1)                Rebin by this factor before plotting 
                                        (does not affect fitting!)
  --signalPdfNames arg (=shapeSig*)     Names of signal pdfs in plots 
                                        (separated by ',')
  --backgroundPdfNames arg (=shapeBkg*) Names of background pdfs in plots 
                                        (separated by ',')
  --saveNormalizations                  Save post-fit normalizations RooArgSet 
                                        (single toy only)
  --savePredictionsPerToy               Save post-fit normalizations and shapes
                                        per toy
  --oldNormNames                        Name the normalizations as in the 
                                        workspace, and not as channel/process
  --saveShapes                          Save pre and post-fit distributions as 
                                        TH1 in fitDiagnostics.root
  --saveWithUncertainties               Save also pre/post-fit uncertainties on
                                        the shapes and normalizations (from 
                                        resampling the covariance matrix)
  --saveOverallShapes                   Save total shapes (and covariance if 
                                        used with --saveWithUncertainties), ie 
                                        will produce TH1 (TH2) merging bins 
                                        across all channels
  --numToysForShapes arg (=200)         Choose number of toys for re-sampling 
                                        of the covariance (for shapes with 
                                        uncertainties)
  --filterString arg                    Filter to search for when making 
                                        covariance and shapes
  --justFit                             Just do the S+B fit, don't do the 
                                        B-only one, don't save output file
  --robustHesse arg (=0)                Use a more robust calculation of the 
                                        hessian/covariance matrix
  --skipBOnlyFit                        Skip the B-only fit (do only the S+B 
                                        fit)
  --skipSBFit                           Skip the S+B fit (do only the B-only 
                                        fit)
  --initFromBonly                       Use the values of the nuisance 
                                        parameters from the background only fit
                                        as the starting point for the s+b fit. 
                                        Can help fit convergence
  --customStartingPoint                 Don't set the first POI to 0 for the 
                                        background-only fit. Instead if using 
                                        this option, the parameter will be 
                                        fixed to its default value, which can 
                                        be set with the --setParameters option.
  --ignoreCovWarning                    Override the default behaviour of 
                                        saveWithUncertainties being ignored if 
                                        the covariance matrix is not accurate.

